22:09:03.168 [main] INFO  TestCases.TC_001_BikeDetails - Chrome browser opened successfully
22:09:04.575 [main] INFO  TestCases.TC_001_BikeDetails - Base Page loaded sucessfully.......
22:09:04.916 [main] INFO  TestCases.TC_001_BikeDetails - Page sucessfully verified...
22:09:05.372 [main] INFO  TestCases.TC_001_BikeDetails - ***************TC__001_BikeDetails started*****************
22:09:09.701 [main] INFO  TestCases.TC_001_BikeDetails - clicked on new bikes...
22:09:10.253 [main] INFO  TestCases.TC_001_BikeDetails - selecting the manufacturer from dropdown...
22:09:13.296 [main] INFO  TestCases.TC_001_BikeDetails - clicked on viewMoreBikes button...
22:09:14.647 [main] INFO  TestCases.TC_001_BikeDetails - write the data into excel...
22:09:14.647 [main] INFO  TestCases.TC_001_BikeDetails - ***************TC__001_BikeDetails finished*****************
22:09:15.892 [main] INFO  TestCases.TC_001_BikeDetails - browser closed successfully....
22:09:18.416 [main] INFO  TestCases.TC_002_UsedCarsDetails - Chrome browser opened successfully
22:09:19.543 [main] INFO  TestCases.TC_002_UsedCarsDetails - Base Page loaded sucessfully.......
22:09:19.914 [main] INFO  TestCases.TC_002_UsedCarsDetails - Page sucessfully verified...
22:09:20.450 [main] INFO  TestCases.TC_002_UsedCarsDetails - ***************TC__002_UsedCarsDetails started*****************
22:09:20.451 [main] INFO  TestCases.TC_002_UsedCarsDetails - Hover to used cars...
22:09:20.839 [main] INFO  TestCases.TC_002_UsedCarsDetails - screenshot is taken...
22:09:22.847 [main] INFO  TestCases.TC_002_UsedCarsDetails - click on desired location...
22:09:23.080 [main] INFO  TestCases.TC_002_UsedCarsDetails - sucessfully converted to string from webelement...
22:09:23.130 [main] INFO  TestCases.TC_002_UsedCarsDetails - get the details in excel...
22:09:23.835 [main] INFO  TestCases.TC_002_UsedCarsDetails - ***************TC__002_UsedCarsDetails finished*****************
22:09:25.370 [main] INFO  TestCases.TC_002_UsedCarsDetails - browser closed successfully....
22:09:27.663 [main] INFO  TestCases.TC_003_LoginPage - Chrome browser opened successfully
22:09:29.326 [main] INFO  TestCases.TC_003_LoginPage - Base Page loaded sucessfully.......
22:09:29.466 [main] INFO  TestCases.TC_003_LoginPage - Page sucessfully verified...
22:09:29.909 [main] INFO  TestCases.TC_003_LoginPage - ***************TC__003_LoginPag started*****************
22:09:29.909 [main] INFO  TestCases.TC_003_LoginPage - clicked on login button...
22:09:30.206 [main] INFO  TestCases.TC_003_LoginPage - screenshot is taken...
22:09:33.338 [main] INFO  TestCases.TC_003_LoginPage - login with google option...
22:09:33.563 [main] INFO  TestCases.TC_003_LoginPage - screenshot is taken...
22:09:36.595 [main] INFO  TestCases.TC_003_LoginPage - switch from parent window to child window...
22:09:36.683 [main] INFO  TestCases.TC_003_LoginPage - provide the invalid email...
22:09:36.773 [main] INFO  TestCases.TC_003_LoginPage - screenshot is taken...
22:09:37.173 [main] INFO  TestCases.TC_003_LoginPage - clicked on next button...
22:09:37.331 [main] INFO  TestCases.TC_003_LoginPage - captured the error message...
22:09:37.433 [main] INFO  TestCases.TC_003_LoginPage - screenshot is taken...
22:09:37.433 [main] INFO  TestCases.TC_003_LoginPage - ***************TC__003_LoginPage Finished*****************
22:09:38.610 [main] INFO  TestCases.TC_003_LoginPage - browser closed successfully....
22:12:38.474 [main] INFO  TestBase.CucumberBaseClass - Browser Launch for cucumber test...
22:12:38.529 [main] INFO  TestBase.CucumberBaseClass - ******Cucumber Login Test started*****
22:12:38.998 [main] INFO  TestBase.CucumberBaseClass - Clicked on login button...
22:12:42.403 [main] INFO  TestBase.CucumberBaseClass - Clicked on google button...
22:12:45.659 [main] INFO  TestBase.CucumberBaseClass - Switch the window...
22:12:45.815 [main] INFO  TestBase.CucumberBaseClass - provided the email...
22:12:46.329 [main] INFO  TestBase.CucumberBaseClass - Clicked on next button...
22:12:46.511 [main] INFO  TestBase.CucumberBaseClass - got the error message...
22:12:46.512 [main] INFO  TestBase.CucumberBaseClass - *****Cucumber Login test finished*****
22:12:47.697 [main] INFO  TestBase.CucumberBaseClass - Browser closed for Cucumber test...
22:12:51.316 [main] INFO  TestBase.CucumberBaseClass - Browser Launch for cucumber test...
22:12:51.338 [main] INFO  TestBase.CucumberBaseClass - ******Cucumber Cars Details Test started*****
22:12:51.904 [main] INFO  TestBase.CucumberBaseClass - hover on used cars...
22:12:54.482 [main] INFO  TestBase.CucumberBaseClass - clicked on location...
22:12:55.415 [main] INFO  TestBase.CucumberBaseClass - got the popular models...
22:12:55.415 [main] INFO  TestBase.CucumberBaseClass - ******Cucumber Cars Details Test Finished*****
22:12:56.599 [main] INFO  TestBase.CucumberBaseClass - Browser closed for Cucumber test...
22:13:00.586 [main] INFO  TestBase.CucumberBaseClass - Browser Launch for cucumber test...
