18:35:34.279 [main] INFO  TestCases.TC_002_UsedCarsDetails - screenshot is taken...
18:35:38.201 [main] INFO  TestCases.TC_002_UsedCarsDetails - click on desired location...
18:35:38.555 [main] INFO  TestCases.TC_002_UsedCarsDetails - sucessfully converted to string from webelement...
18:35:39.281 [main] INFO  TestCases.TC_002_UsedCarsDetails - get the details in excel...
18:35:41.181 [main] INFO  TestCases.TC_002_UsedCarsDetails - ***************TC__002_UsedCarsDetails finished*****************
18:35:42.569 [main] INFO  TestCases.TC_002_UsedCarsDetails - browser closed successfully....
18:35:45.511 [main] INFO  TestCases.TC_003_LoginPage - Chrome browser opened successfully
18:35:49.851 [main] INFO  TestCases.TC_003_LoginPage - Base Page loaded sucessfully.......
18:35:49.984 [main] INFO  TestCases.TC_003_LoginPage - Page sucessfully verified...
18:35:50.395 [main] INFO  TestCases.TC_003_LoginPage - ***************TC__003_LoginPag started*****************
18:35:50.395 [main] INFO  TestCases.TC_003_LoginPage - clicked on login button...
18:35:50.616 [main] INFO  TestCases.TC_003_LoginPage - screenshot is taken...
18:35:53.769 [main] INFO  TestCases.TC_003_LoginPage - login with google option...
18:35:53.957 [main] INFO  TestCases.TC_003_LoginPage - screenshot is taken...
18:35:56.997 [main] INFO  TestCases.TC_003_LoginPage - switch from parent window to child window...
18:35:57.084 [main] INFO  TestCases.TC_003_LoginPage - provide the invalid email...
18:35:57.261 [main] INFO  TestCases.TC_003_LoginPage - screenshot is taken...
18:35:57.636 [main] INFO  TestCases.TC_003_LoginPage - clicked on next button...
18:35:57.867 [main] INFO  TestCases.TC_003_LoginPage - captured the error message...
18:35:57.967 [main] INFO  TestCases.TC_003_LoginPage - screenshot is taken...
18:35:57.967 [main] INFO  TestCases.TC_003_LoginPage - ***************TC__003_LoginPage Finished*****************
18:35:59.256 [main] INFO  TestCases.TC_003_LoginPage - browser closed successfully....
18:37:14.361 [main] INFO  TestCases.TC_001_BikeDetails - Chrome browser opened successfully
18:37:16.234 [main] INFO  TestCases.TC_001_BikeDetails - Base Page loaded sucessfully.......
18:37:16.875 [main] INFO  TestCases.TC_001_BikeDetails - Page sucessfully verified...
18:37:17.234 [main] INFO  TestCases.TC_001_BikeDetails - ***************TC__001_BikeDetails started*****************
18:37:20.110 [main] INFO  TestCases.TC_001_BikeDetails - clicked on new bikes...
18:37:20.684 [main] INFO  TestCases.TC_001_BikeDetails - selecting the manufacturer from dropdown...
18:37:23.738 [main] INFO  TestCases.TC_001_BikeDetails - clicked on viewMoreBikes button...
18:37:25.337 [main] INFO  TestCases.TC_001_BikeDetails - write the data into excel...
18:37:25.337 [main] INFO  TestCases.TC_001_BikeDetails - ***************TC__001_BikeDetails finished*****************
18:37:26.608 [main] INFO  TestCases.TC_001_BikeDetails - browser closed successfully....
18:37:29.271 [main] INFO  TestCases.TC_002_UsedCarsDetails - Chrome browser opened successfully
18:37:30.640 [main] INFO  TestCases.TC_002_UsedCarsDetails - Base Page loaded sucessfully.......
18:37:30.895 [main] INFO  TestCases.TC_002_UsedCarsDetails - Page sucessfully verified...
18:37:31.404 [main] INFO  TestCases.TC_002_UsedCarsDetails - ***************TC__002_UsedCarsDetails started*****************
18:37:31.404 [main] INFO  TestCases.TC_002_UsedCarsDetails - Hover to used cars...
18:37:31.660 [main] INFO  TestCases.TC_002_UsedCarsDetails - screenshot is taken...
18:37:35.332 [main] INFO  TestCases.TC_002_UsedCarsDetails - click on desired location...
18:37:35.627 [main] INFO  TestCases.TC_002_UsedCarsDetails - sucessfully converted to string from webelement...
18:37:35.679 [main] INFO  TestCases.TC_002_UsedCarsDetails - get the details in excel...
18:37:36.654 [main] INFO  TestCases.TC_002_UsedCarsDetails - ***************TC__002_UsedCarsDetails finished*****************
18:37:38.150 [main] INFO  TestCases.TC_002_UsedCarsDetails - browser closed successfully....
18:37:40.886 [main] INFO  TestCases.TC_003_LoginPage - Chrome browser opened successfully
18:37:44.536 [main] INFO  TestCases.TC_003_LoginPage - Base Page loaded sucessfully.......
18:37:44.679 [main] INFO  TestCases.TC_003_LoginPage - Page sucessfully verified...
18:37:45.072 [main] INFO  TestCases.TC_003_LoginPage - ***************TC__003_LoginPag started*****************
18:37:45.072 [main] INFO  TestCases.TC_003_LoginPage - clicked on login button...
18:37:45.273 [main] INFO  TestCases.TC_003_LoginPage - screenshot is taken...
18:37:48.431 [main] INFO  TestCases.TC_003_LoginPage - login with google option...
18:37:48.615 [main] INFO  TestCases.TC_003_LoginPage - screenshot is taken...
18:37:51.660 [main] INFO  TestCases.TC_003_LoginPage - switch from parent window to child window...
18:37:51.749 [main] INFO  TestCases.TC_003_LoginPage - provide the invalid email...
18:37:51.842 [main] INFO  TestCases.TC_003_LoginPage - screenshot is taken...
