18:37:52.236 [main] INFO  TestCases.TC_003_LoginPage - clicked on next button...
18:37:52.533 [main] INFO  TestCases.TC_003_LoginPage - captured the error message...
18:37:52.626 [main] INFO  TestCases.TC_003_LoginPage - screenshot is taken...
18:37:52.627 [main] INFO  TestCases.TC_003_LoginPage - ***************TC__003_LoginPage Finished*****************
18:37:53.870 [main] INFO  TestCases.TC_003_LoginPage - browser closed successfully....
18:38:15.547 [main] INFO  TestBase.CucumberBaseClass - Browser Launch for cucumber test...
18:38:15.570 [main] INFO  TestBase.CucumberBaseClass - ******Cucumber Login Test started*****
18:38:15.972 [main] INFO  TestBase.CucumberBaseClass - Clicked on login button...
18:38:19.383 [main] INFO  TestBase.CucumberBaseClass - Clicked on google button...
18:38:22.709 [main] INFO  TestBase.CucumberBaseClass - Switch the window...
18:38:22.873 [main] INFO  TestBase.CucumberBaseClass - provided the email...
18:38:23.365 [main] INFO  TestBase.CucumberBaseClass - Clicked on next button...
18:38:23.578 [main] INFO  TestBase.CucumberBaseClass - got the error message...
18:38:23.578 [main] INFO  TestBase.CucumberBaseClass - *****Cucumber Login test finished*****
18:38:24.857 [main] INFO  TestBase.CucumberBaseClass - Browser closed for Cucumber test...
18:38:31.373 [main] INFO  TestBase.CucumberBaseClass - Browser Launch for cucumber test...
18:38:31.380 [main] INFO  TestBase.CucumberBaseClass - ******Cucumber Cars Details Test started*****
18:38:31.822 [main] INFO  TestBase.CucumberBaseClass - hover on used cars...
18:38:35.755 [main] INFO  TestBase.CucumberBaseClass - clicked on location...
18:38:36.788 [main] INFO  TestBase.CucumberBaseClass - got the popular models...
18:38:36.788 [main] INFO  TestBase.CucumberBaseClass - ******Cucumber Cars Details Test Finished*****
18:38:38.274 [main] INFO  TestBase.CucumberBaseClass - Browser closed for Cucumber test...
18:38:43.247 [main] INFO  TestBase.CucumberBaseClass - Browser Launch for cucumber test...
18:38:43.249 [main] INFO  TestBase.CucumberBaseClass - ******Cucumber Cars Details Test started*****
18:38:44.185 [main] INFO  TestBase.CucumberBaseClass - ******Cucumber Bike Details Test started*****
18:38:46.999 [main] INFO  TestBase.CucumberBaseClass - Clicked on New Bikes
18:38:47.725 [main] INFO  TestBase.CucumberBaseClass - selecting the manufacturer from dropdown...
18:38:47.989 [main] INFO  TestBase.CucumberBaseClass - clicked on viewMoreBikes button...
18:38:49.210 [main] INFO  TestBase.CucumberBaseClass - got the details...
18:38:49.211 [main] INFO  TestBase.CucumberBaseClass - ******Cucumber Bike Details Test Finished*****
18:38:50.491 [main] INFO  TestBase.CucumberBaseClass - Browser closed for Cucumber test...
